20:42:44.297 INFO [GridLauncherV3.parse] - Selenium server version: 3.141.59, revision: e82be7d358
20:42:44.345 INFO [GridLauncherV3.lambda$buildLaunchers$3] - Launching a standalone Selenium Server on port 4444
2021-02-06 20:42:44.369:INFO::main: Logging initialized @201ms to org.seleniumhq.jetty9.util.log.StdErrLog
20:42:44.483 INFO [WebDriverServlet.<init>] - Initialising WebDriverServlet
20:42:44.541 INFO [SeleniumServer.boot] - Selenium Server is up and running on port 4444
20:42:44.735 INFO [ActiveSessionFactory.apply] - Capabilities are: {
  "browserName": "chrome"
}
20:42:44.735 INFO [ActiveSessionFactory.lambda$apply$11] - Matched factory org.openqa.selenium.grid.session.remote.ServicedSession$Factory (provider: org.openqa.selenium.chrome.ChromeDriverService)
Starting ChromeDriver 88.0.4324.96 (68dba2d8a0b149a1d3afac56fa74648032bcf46b-refs/branch-heads/4324@{#1784}) on port 28634
Only local connections are allowed.
Please see https://chromedriver.chromium.org/security-considerations for suggestions on keeping ChromeDriver safe.
ChromeDriver was started successfully.
20:42:45.961 INFO [ProtocolHandshake.createSession] - Detected dialect: W3C
20:42:45.973 INFO [RemoteSession$Factory.lambda$performHandshake$0] - Started new session 00ef662db084cc72c7583f3adf338fd5 (org.openqa.selenium.chrome.ChromeDriverService)
20:42:48.142 INFO [ActiveSessions$1.onStop] - Removing session 00ef662db084cc72c7583f3adf338fd5 (org.openqa.selenium.chrome.ChromeDriverService)
20:42:48.690 INFO [ActiveSessionFactory.apply] - Capabilities are: {
  "browserName": "chrome"
}
20:42:48.690 INFO [ActiveSessionFactory.lambda$apply$11] - Matched factory org.openqa.selenium.grid.session.remote.ServicedSession$Factory (provider: org.openqa.selenium.chrome.ChromeDriverService)
Starting ChromeDriver 88.0.4324.96 (68dba2d8a0b149a1d3afac56fa74648032bcf46b-refs/branch-heads/4324@{#1784}) on port 12589
Only local connections are allowed.
Please see https://chromedriver.chromium.org/security-considerations for suggestions on keeping ChromeDriver safe.
ChromeDriver was started successfully.
20:42:49.655 INFO [ProtocolHandshake.createSession] - Detected dialect: W3C
20:42:49.656 INFO [RemoteSession$Factory.lambda$performHandshake$0] - Started new session bd6ef91c7307aa71889d77b227bd6997 (org.openqa.selenium.chrome.ChromeDriverService)
20:42:52.001 INFO [ActiveSessions$1.onStop] - Removing session bd6ef91c7307aa71889d77b227bd6997 (org.openqa.selenium.chrome.ChromeDriverService)
20:42:52.568 INFO [ActiveSessionFactory.apply] - Capabilities are: {
  "browserName": "chrome"
}
20:42:52.568 INFO [ActiveSessionFactory.lambda$apply$11] - Matched factory org.openqa.selenium.grid.session.remote.ServicedSession$Factory (provider: org.openqa.selenium.chrome.ChromeDriverService)
Starting ChromeDriver 88.0.4324.96 (68dba2d8a0b149a1d3afac56fa74648032bcf46b-refs/branch-heads/4324@{#1784}) on port 47592
Only local connections are allowed.
Please see https://chromedriver.chromium.org/security-considerations for suggestions on keeping ChromeDriver safe.
ChromeDriver was started successfully.
20:42:53.533 INFO [ProtocolHandshake.createSession] - Detected dialect: W3C
20:42:53.534 INFO [RemoteSession$Factory.lambda$performHandshake$0] - Started new session 445f731655a5f18d15b6767036b9b164 (org.openqa.selenium.chrome.ChromeDriverService)
20:42:54.168 INFO [ActiveSessions$1.onStop] - Removing session 445f731655a5f18d15b6767036b9b164 (org.openqa.selenium.chrome.ChromeDriverService)
